Release 14.7 - xst P.20131013 (nt64)
Copyright (c) 1995-2013 Xilinx, Inc.  All rights reserved.
--> Parameter TMPDIR set to xst/projnav.tmp


Total REAL time to Xst completion: 0.00 secs
Total CPU time to Xst completion: 0.11 secs
 
--> Parameter xsthdpdir set to xst


Total REAL time to Xst completion: 0.00 secs
Total CPU time to Xst completion: 0.11 secs
 
--> Reading design: Memory_Read.prj

TABLE OF CONTENTS
  1) Synthesis Options Summary
  2) HDL Parsing
  3) HDL Elaboration
  4) HDL Synthesis
       4.1) HDL Synthesis Report
  5) Advanced HDL Synthesis
       5.1) Advanced HDL Synthesis Report
  6) Low Level Synthesis
  7) Partition Report
  8) Design Summary
       8.1) Primitive and Black Box Usage
       8.2) Device utilization summary
       8.3) Partition Resource Summary
       8.4) Timing Report
            8.4.1) Clock Information
            8.4.2) Asynchronous Control Signals Information
            8.4.3) Timing Summary
            8.4.4) Timing Details
            8.4.5) Cross Clock Domains Report


=========================================================================
*                      Synthesis Options Summary                        *
=========================================================================
---- Source Parameters
Input File Name                    : "Memory_Read.prj"
Ignore Synthesis Constraint File   : NO

---- Target Parameters
Output File Name                   : "Memory_Read"
Output Format                      : NGC
Target Device                      : xc6slx9-2-tqg144

---- Source Options
Top Module Name                    : Memory_Read
Automatic FSM Extraction           : YES
FSM Encoding Algorithm             : Auto
Safe Implementation                : No
FSM Style                          : LUT
RAM Extraction                     : Yes
RAM Style                          : Auto
ROM Extraction                     : Yes
Shift Register Extraction          : YES
ROM Style                          : Auto
Resource Sharing                   : YES
Asynchronous To Synchronous        : NO
Shift Register Minimum Size        : 2
Use DSP Block                      : Auto
Automatic Register Balancing       : No

---- Target Options
LUT Combining                      : Auto
Reduce Control Sets                : Auto
Add IO Buffers                     : YES
Global Maximum Fanout              : 100000
Add Generic Clock Buffer(BUFG)     : 16
Register Duplication               : YES
Optimize Instantiated Primitives   : NO
Use Clock Enable                   : Auto
Use Synchronous Set                : Auto
Use Synchronous Reset              : Auto
Pack IO Registers into IOBs        : Auto
Equivalent register Removal        : YES

---- General Options
Optimization Goal                  : Speed
Optimization Effort                : 1
Power Reduction                    : NO
Keep Hierarchy                     : No
Netlist Hierarchy                  : As_Optimized
RTL Output                         : Yes
Global Optimization                : AllClockNets
Read Cores                         : YES
Write Timing Constraints           : NO
Cross Clock Analysis               : NO
Hierarchy Separator                : /
Bus Delimiter                      : <>
Case Specifier                     : Maintain
Slice Utilization Ratio            : 100
BRAM Utilization Ratio             : 100
DSP48 Utilization Ratio            : 100
Auto BRAM Packing                  : NO
Slice Utilization Ratio Delta      : 5

=========================================================================


=========================================================================
*                          HDL Parsing                                  *
=========================================================================
Parsing VHDL file "C:\Users\User\Documents\ISE_Project\Sobel_Filter\Memory_Read.vhd" into library work
Parsing entity <Memory_Read>.
Parsing architecture <Behavioral> of entity <memory_read>.

=========================================================================
*                            HDL Elaboration                            *
=========================================================================

Elaborating entity <Memory_Read> (architecture <Behavioral>) with generics from library <work>.
WARNING:HDLCompiler:1587 - "N:/P.20131013/rtf/vhdl/xst/src/textio.vhd" Line 35: Read failed due to size mismatch
WARNING:HDLCompiler:1127 - "C:\Users\User\Documents\ISE_Project\Sobel_Filter\Memory_Read.vhd" Line 60: Assignment to go_int ignored, since the identifier is never used

=========================================================================
*                           HDL Synthesis                               *
=========================================================================

Synthesizing Unit <Memory_Read>.
    Related source file is "C:\Users\User\Documents\ISE_Project\Sobel_Filter\Memory_Read.vhd".
        Mem_Addr = 16
        Mem_Width = 8
    Set property "ram_style = Block" for signal <Read_RAM>.
WARNING:Xst:2999 - Signal 'Read_RAM', unconnected in block 'Memory_Read', is tied to its initial value.
    Found 65536x8-bit single-port Read Only RAM <Mram_Read_RAM> for signal <Read_RAM>.
    Found 1-bit register for signal <readEn_Int>.
    Found 16-bit register for signal <Address_Int>.
    Found 8-bit register for signal <data_out_Int>.
    Summary:
	inferred   1 RAM(s).
	inferred  25 D-type flip-flop(s).
Unit <Memory_Read> synthesized.

=========================================================================
HDL Synthesis Report

Macro Statistics
# RAMs                                                 : 1
 65536x8-bit single-port Read Only RAM                 : 1
# Registers                                            : 3
 1-bit register                                        : 1
 16-bit register                                       : 1
 8-bit register                                        : 1

=========================================================================

=========================================================================
*                       Advanced HDL Synthesis                          *
=========================================================================


Synthesizing (advanced) Unit <Memory_Read>.
INFO:Xst:3226 - The RAM <Mram_Read_RAM> will be implemented as a BLOCK RAM, absorbing the following register(s): <data_out_Int>
    -----------------------------------------------------------------------
    | ram_type           | Block                               |          |
    -----------------------------------------------------------------------
    | Port A                                                              |
    |     aspect ratio   | 65536-word x 8-bit                  |          |
    |     mode           | write-first                         |          |
    |     clkA           | connected to signal <Clock>         | rise     |
    |     enA            | connected to signal <readEn_Int>    | high     |
    |     weA            | connected to signal <GND>           | high     |
    |     addrA          | connected to signal <Address_Int>   |          |
    |     diA            | connected to signal <GND>           |          |
    |     doA            | connected to signal <data_out>      |          |
    -----------------------------------------------------------------------
    | optimization       | speed                               |          |
    -----------------------------------------------------------------------
Unit <Memory_Read> synthesized (advanced).

=========================================================================
Advanced HDL Synthesis Report

Macro Statistics
# RAMs                                                 : 1
 65536x8-bit single-port block Read Only RAM           : 1
# Registers                                            : 17
 Flip-Flops                                            : 17

=========================================================================

=========================================================================
*                         Low Level Synthesis                           *
=========================================================================

Optimizing unit <Memory_Read> ...
INFO:Xst:2399 - RAMs <Mram_Read_RAM2>, <Mram_Read_RAM1> are equivalent, second RAM is removed
INFO:Xst:2399 - RAMs <Mram_Read_RAM2>, <Mram_Read_RAM5> are equivalent, second RAM is removed
INFO:Xst:2399 - RAMs <Mram_Read_RAM2>, <Mram_Read_RAM3> are equivalent, second RAM is removed
INFO:Xst:2399 - RAMs <Mram_Read_RAM2>, <Mram_Read_RAM4> are equivalent, second RAM is removed
INFO:Xst:2399 - RAMs <Mram_Read_RAM2>, <Mram_Read_RAM8> are equivalent, second RAM is removed
INFO:Xst:2399 - RAMs <Mram_Read_RAM2>, <Mram_Read_RAM6> are equivalent, second RAM is removed
INFO:Xst:2399 - RAMs <Mram_Read_RAM2>, <Mram_Read_RAM7> are equivalent, second RAM is removed
INFO:Xst:2399 - RAMs <Mram_Read_RAM2>, <Mram_Read_RAM9> are equivalent, second RAM is removed
INFO:Xst:2399 - RAMs <Mram_Read_RAM2>, <Mram_Read_RAM10> are equivalent, second RAM is removed
INFO:Xst:2399 - RAMs <Mram_Read_RAM2>, <Mram_Read_RAM13> are equivalent, second RAM is removed
INFO:Xst:2399 - RAMs <Mram_Read_RAM2>, <Mram_Read_RAM11> are equivalent, second RAM is removed
INFO:Xst:2399 - RAMs <Mram_Read_RAM2>, <Mram_Read_RAM12> are equivalent, second RAM is removed
INFO:Xst:2399 - RAMs <Mram_Read_RAM2>, <Mram_Read_RAM14> are equivalent, second RAM is removed
INFO:Xst:2399 - RAMs <Mram_Read_RAM2>, <Mram_Read_RAM15> are equivalent, second RAM is removed
INFO:Xst:2399 - RAMs <Mram_Read_RAM2>, <Mram_Read_RAM18> are equivalent, second RAM is removed
INFO:Xst:2399 - RAMs <Mram_Read_RAM2>, <Mram_Read_RAM16> are equivalent, second RAM is removed
INFO:Xst:2399 - RAMs <Mram_Read_RAM2>, <Mram_Read_RAM17> are equivalent, second RAM is removed
INFO:Xst:2399 - RAMs <Mram_Read_RAM2>, <Mram_Read_RAM19> are equivalent, second RAM is removed
INFO:Xst:2399 - RAMs <Mram_Read_RAM2>, <Mram_Read_RAM20> are equivalent, second RAM is removed
INFO:Xst:2399 - RAMs <Mram_Read_RAM2>, <Mram_Read_RAM23> are equivalent, second RAM is removed
INFO:Xst:2399 - RAMs <Mram_Read_RAM2>, <Mram_Read_RAM21> are equivalent, second RAM is removed
INFO:Xst:2399 - RAMs <Mram_Read_RAM2>, <Mram_Read_RAM22> are equivalent, second RAM is removed
INFO:Xst:2399 - RAMs <Mram_Read_RAM2>, <Mram_Read_RAM26> are equivalent, second RAM is removed
INFO:Xst:2399 - RAMs <Mram_Read_RAM2>, <Mram_Read_RAM24> are equivalent, second RAM is removed
INFO:Xst:2399 - RAMs <Mram_Read_RAM2>, <Mram_Read_RAM25> are equivalent, second RAM is removed
INFO:Xst:2399 - RAMs <Mram_Read_RAM2>, <Mram_Read_RAM29> are equivalent, second RAM is removed
INFO:Xst:2399 - RAMs <Mram_Read_RAM2>, <Mram_Read_RAM27> are equivalent, second RAM is removed
INFO:Xst:2399 - RAMs <Mram_Read_RAM2>, <Mram_Read_RAM28> are equivalent, second RAM is removed
INFO:Xst:2399 - RAMs <Mram_Read_RAM2>, <Mram_Read_RAM30> are equivalent, second RAM is removed
INFO:Xst:2399 - RAMs <Mram_Read_RAM2>, <Mram_Read_RAM31> are equivalent, second RAM is removed
INFO:Xst:2399 - RAMs <Mram_Read_RAM2>, <Mram_Read_RAM32> are equivalent, second RAM is removed
((N70 * N71 * N8) + (!N70 * N71 * N8) + (N70 * !N71 * N8) + (!N70 * !N71 * N8))((N70 * N71 * N8) + (!N70 * N71 * N8) + (N70 * !N71 * N8) + (!N70 * !N71 * N8))((N70 * N71 * N8) + (!N70 * N71 * N8) + (N70 * !N71 * N8) + (!N70 * !N71 * N8))((N70 * N71 * N8) + (!N70 * N71 * N8) + (N70 * !N71 * N8) + (!N70 * !N71 * N8))((N70 * N71 * N8) + (!N70 * N71 * N8) + (N70 * !N71 * N8) + (!N70 * !N71 * N8))((N70 * N71 * N8) + (!N70 * N71 * N8) + (N70 * !N71 * N8) + (!N70 * !N71 * N8))((N70 * N71 * N8) + (!N70 * N71 * N8) + (N70 * !N71 * N8) + (!N70 * !N71 * N8))((N70 * N71 * N8) + (!N70 * N71 * N8) + (N70 * !N71 * N8) + (!N70 * !N71 * N8))
Mapping all equations...
WARNING:Xst:2677 - Node <Address_Int_14> of sequential type is unconnected in block <Memory_Read>.
WARNING:Xst:2677 - Node <Address_Int_15> of sequential type is unconnected in block <Memory_Read>.
WARNING:Xst:2677 - Node <inst_LPM_FF_1> of sequential type is unconnected in block <MTP_>.
WARNING:Xst:2677 - Node <inst_LPM_FF_0> of sequential type is unconnected in block <MTP_>.
Building and optimizing final netlist ...
Found area constraint ratio of 100 (+ 5) on block Memory_Read, actual ratio is 0.

Final Macro Processing ...

=========================================================================
Final Register Report

Macro Statistics
# Registers                                            : 15
 Flip-Flops                                            : 15

=========================================================================

=========================================================================
*                           Partition Report                            *
=========================================================================

Partition Implementation Status
-------------------------------

  No Partitions were found in this design.

-------------------------------

=========================================================================
*                            Design Summary                             *
=========================================================================

Top Level Output File Name         : Memory_Read.ngc

Primitive and Black Box Usage:
------------------------------
# BELS                             : 1
#      GND                         : 1
# FlipFlops/Latches                : 15
#      FD                          : 15
# RAMS                             : 1
#      RAMB16BWER                  : 1
# Clock Buffers                    : 1
#      BUFGP                       : 1
# IO Buffers                       : 23
#      IBUF                        : 15
#      OBUF                        : 8

Device utilization summary:
---------------------------

Selected Device : 6slx9tqg144-2 


Slice Logic Utilization: 
 Number of Slice Registers:              15  out of  11440     0%  

Slice Logic Distribution: 
 Number of LUT Flip Flop pairs used:     15
   Number with an unused Flip Flop:       0  out of     15     0%  
   Number with an unused LUT:            15  out of     15   100%  
   Number of fully used LUT-FF pairs:     0  out of     15     0%  
   Number of unique control sets:         1

IO Utilization: 
 Number of IOs:                          26
 Number of bonded IOBs:                  24  out of    102    23%  

Specific Feature Utilization:
 Number of Block RAM/FIFO:                1  out of     32     3%  
    Number using Block RAM only:          1
 Number of BUFG/BUFGCTRLs:                1  out of     16     6%  

---------------------------
Partition Resource Summary:
---------------------------

  No Partitions were found in this design.

---------------------------


=========================================================================
Timing Report

NOTE: THESE TIMING NUMBERS ARE ONLY A SYNTHESIS ESTIMATE.
      FOR ACCURATE TIMING INFORMATION PLEASE REFER TO THE TRACE REPORT
      GENERATED AFTER PLACE-and-ROUTE.

Clock Information:
------------------
-----------------------------------+------------------------+-------+
Clock Signal                       | Clock buffer(FF name)  | Load  |
-----------------------------------+------------------------+-------+
Clock                              | BUFGP                  | 16    |
-----------------------------------+------------------------+-------+

Asynchronous Control Signals Information:
----------------------------------------
No asynchronous control signals found in this design

Timing Summary:
---------------
Speed Grade: -2

   Minimum period: 1.606ns (Maximum Frequency: 622.665MHz)
   Minimum input arrival time before clock: 2.083ns
   Maximum output required time after clock: 5.955ns
   Maximum combinational path delay: No path found

Timing Details:
---------------
All values displayed in nanoseconds (ns)

=========================================================================
Timing constraint: Default period analysis for Clock 'Clock'
  Clock period: 1.606ns (frequency: 622.665MHz)
  Total number of paths / destination ports: 15 / 15
-------------------------------------------------------------------------
Delay:               1.606ns (Levels of Logic = 0)
  Source:            Address_Int_13 (FF)
  Destination:       Mram_Read_RAM2 (RAM)
  Source Clock:      Clock rising
  Destination Clock: Clock rising

  Data Path: Address_Int_13 to Mram_Read_RAM2
                                Gate     Net
    Cell:in->out      fanout   Delay   Delay  Logical Name (Net Name)
    ----------------------------------------  ------------
     FD:C->Q               1   0.525   0.681  Address_Int_13 (Address_Int_13)
     RAMB16BWER:ADDRA13        0.400          Mram_Read_RAM2
    ----------------------------------------
    Total                      1.606ns (0.925ns logic, 0.681ns route)
                                       (57.6% logic, 42.4% route)

=========================================================================
Timing constraint: Default OFFSET IN BEFORE for Clock 'Clock'
  Total number of paths / destination ports: 15 / 15
-------------------------------------------------------------------------
Offset:              2.083ns (Levels of Logic = 1)
  Source:            Address<0> (PAD)
  Destination:       Address_Int_0 (FF)
  Destination Clock: Clock rising

  Data Path: Address<0> to Address_Int_0
                                Gate     Net
    Cell:in->out      fanout   Delay   Delay  Logical Name (Net Name)
    ----------------------------------------  ------------
     IBUF:I->O             1   1.328   0.681  Address_0_IBUF (Address_0_IBUF)
     FD:D                      0.074          Address_Int_0
    ----------------------------------------
    Total                      2.083ns (1.402ns logic, 0.681ns route)
                                       (67.3% logic, 32.7% route)

=========================================================================
Timing constraint: Default OFFSET OUT AFTER for Clock 'Clock'
  Total number of paths / destination ports: 8 / 8
-------------------------------------------------------------------------
Offset:              5.955ns (Levels of Logic = 1)
  Source:            Mram_Read_RAM2 (RAM)
  Destination:       data_out<7> (PAD)
  Source Clock:      Clock rising

  Data Path: Mram_Read_RAM2 to data_out<7>
                                Gate     Net
    Cell:in->out      fanout   Delay   Delay  Logical Name (Net Name)
    ----------------------------------------  ------------
     RAMB16BWER:CLKA->DOA0    8   2.100   0.943  Mram_Read_RAM2 (data_out_0_OBUF)
     OBUF:I->O                 2.912          data_out_0_OBUF (data_out<0>)
    ----------------------------------------
    Total                      5.955ns (5.012ns logic, 0.943ns route)
                                       (84.2% logic, 15.8% route)

=========================================================================

Cross Clock Domains Report:
--------------------------

Clock to Setup on destination clock Clock
---------------+---------+---------+---------+---------+
               | Src:Rise| Src:Fall| Src:Rise| Src:Fall|
Source Clock   |Dest:Rise|Dest:Rise|Dest:Fall|Dest:Fall|
---------------+---------+---------+---------+---------+
Clock          |    1.606|         |         |         |
---------------+---------+---------+---------+---------+

=========================================================================


Total REAL time to Xst completion: 71.00 secs
Total CPU time to Xst completion: 71.01 secs
 
--> 

Total memory usage is 4631032 kilobytes

Number of errors   :    0 (   0 filtered)
Number of warnings :    7 (   0 filtered)
Number of infos    :   32 (   0 filtered)

